<?xml version="1.0" encoding="UTF-8"?>
<!-- Generated by org.testng.reporters.JUnitXMLReporter -->
<testsuite ignored="0" hostname="Pranavans-MacBook-Air.local" failures="0" tests="4" name="Default test" time="21.409" errors="0" timestamp="2024-06-10T00:27:07 CEST">
  <testcase classname="maintest.TestingRapidAPI" name="test_API_Not_return_skills_if_set_false_TC_02" time="5.204"/>
  <testcase classname="maintest.TestingRapidAPI" name="test_API_return_skills_if_set_true_TC_02" time="6.35"/>
  <testcase classname="maintest.TestingRapidAPI" name="test_profile_id_match" time="5.333"/>
  <testcase classname="maintest.TestingRapidAPI" name="test_response_status_code_200_TC_01" time="4.451"/>
</testsuite> <!-- Default test -->
