<?xml version="1.0" encoding="UTF-8"?>
<testng-results ignored="0" total="4" passed="4" failed="0" skipped="0">
  <reporter-output>
  </reporter-output>
  <suite started-at="2024-06-10T00:26:46 CEST" name="Default suite" finished-at="2024-06-10T00:27:07 CEST" duration-ms="21409">
    <groups>
    </groups>
    <test started-at="2024-06-10T00:26:46 CEST" name="Default test" finished-at="2024-06-10T00:27:07 CEST" duration-ms="21409">
      <class name="maintest.TestingRapidAPI">
        <test-method signature="test_API_Not_return_skills_if_set_false_TC_02()[pri:0, instance:maintest.TestingRapidAPI@7ea9e1e2]" started-at="2024-06-10T00:26:46 CEST" name="test_API_Not_return_skills_if_set_false_TC_02" finished-at="2024-06-10T00:26:51 CEST" duration-ms="5204" status="PASS">
          <reporter-output>
          </reporter-output>
        </test-method> <!-- test_API_Not_return_skills_if_set_false_TC_02 -->
        <test-method signature="test_API_return_skills_if_set_true_TC_02()[pri:0, instance:maintest.TestingRapidAPI@7ea9e1e2]" started-at="2024-06-10T00:26:51 CEST" name="test_API_return_skills_if_set_true_TC_02" finished-at="2024-06-10T00:26:58 CEST" duration-ms="6350" status="PASS">
          <reporter-output>
          </reporter-output>
        </test-method> <!-- test_API_return_skills_if_set_true_TC_02 -->
        <test-method signature="test_profile_id_match()[pri:0, instance:maintest.TestingRapidAPI@7ea9e1e2]" started-at="2024-06-10T00:26:58 CEST" name="test_profile_id_match" finished-at="2024-06-10T00:27:03 CEST" duration-ms="5333" status="PASS">
          <reporter-output>
          </reporter-output>
        </test-method> <!-- test_profile_id_match -->
        <test-method signature="test_response_status_code_200_TC_01()[pri:0, instance:maintest.TestingRapidAPI@7ea9e1e2]" started-at="2024-06-10T00:27:03 CEST" name="test_response_status_code_200_TC_01" finished-at="2024-06-10T00:27:07 CEST" duration-ms="4451" status="PASS">
          <reporter-output>
          </reporter-output>
        </test-method> <!-- test_response_status_code_200_TC_01 -->
      </class> <!-- maintest.TestingRapidAPI -->
    </test> <!-- Default test -->
  </suite> <!-- Default suite -->
</testng-results>
